<?xml version="1.0" encoding="UTF-8"?>
<!-- Generated by org.testng.reporters.JUnitReportReporter -->
<testsuite hostname="LTIN194046" failures="0" tests="23" name="com.interestAroundYear.testRunner.testRunTestNG" time="53.765" errors="0" timestamp="2024-02-29T22:24:24 IST" skipped="0">
  <testcase classname="com.interestAroundYear.testRunner.testRunTestNG" name="runScenario" time="0.778"/>
  <testcase classname="com.interestAroundYear.testRunner.testRunTestNG" name="runScenario" time="1.272"/>
  <testcase classname="com.interestAroundYear.testRunner.testRunTestNG" name="runScenario" time="1.097"/>
  <testcase classname="com.interestAroundYear.testRunner.testRunTestNG" name="runScenario" time="4.538"/>
  <testcase classname="com.interestAroundYear.testRunner.testRunTestNG" name="runScenario" time="0.796"/>
  <testcase classname="com.interestAroundYear.testRunner.testRunTestNG" name="runScenario" time="0.842"/>
  <testcase classname="com.interestAroundYear.testRunner.testRunTestNG" name="runScenario" time="1.215"/>
  <testcase classname="com.interestAroundYear.testRunner.testRunTestNG" name="runScenario" time="3.287"/>
  <testcase classname="com.interestAroundYear.testRunner.testRunTestNG" name="runScenario" time="1.145"/>
  <testcase classname="com.interestAroundYear.testRunner.testRunTestNG" name="runScenario" time="1.711"/>
  <testcase classname="com.interestAroundYear.testRunner.testRunTestNG" name="runScenario" time="3.019"/>
  <testcase classname="com.interestAroundYear.testRunner.testRunTestNG" name="runScenario" time="4.144"/>
  <testcase classname="com.interestAroundYear.testRunner.testRunTestNG" name="runScenario" time="14.199"/>
  <testcase classname="com.interestAroundYear.testRunner.testRunTestNG" name="runScenario" time="0.771"/>
  <testcase classname="com.interestAroundYear.testRunner.testRunTestNG" name="runScenario" time="1.387"/>
  <testcase classname="com.interestAroundYear.testRunner.testRunTestNG" name="runScenario" time="1.277"/>
  <testcase classname="com.interestAroundYear.testRunner.testRunTestNG" name="runScenario" time="0.426"/>
  <testcase classname="com.interestAroundYear.testRunner.testRunTestNG" name="runScenario" time="1.131"/>
  <testcase classname="com.interestAroundYear.testRunner.testRunTestNG" name="runScenario" time="2.001"/>
  <testcase classname="com.interestAroundYear.testRunner.testRunTestNG" name="runScenario" time="2.713"/>
  <testcase classname="com.interestAroundYear.testRunner.testRunTestNG" name="runScenario" time="0.928"/>
  <testcase classname="com.interestAroundYear.testRunner.testRunTestNG" name="runScenario" time="3.873"/>
  <testcase classname="com.interestAroundYear.testRunner.testRunTestNG" name="runScenario" time="1.215"/>
</testsuite> <!-- com.interestAroundYear.testRunner.testRunTestNG -->
