<?xml version="1.0" encoding="UTF-8"?>
<!-- Generated by org.testng.reporters.JUnitReportReporter -->
<testsuite hostname="LTIN194046" failures="0" tests="20" name="com.hackathon.testRunner.testRunTestNG" time="81.265" errors="0" timestamp="2024-02-28T17:53:37 IST" skipped="0">
  <testcase classname="com.hackathon.testRunner.testRunTestNG" name="runScenario" time="1.467"/>
  <testcase classname="com.hackathon.testRunner.testRunTestNG" name="runScenario" time="2.849"/>
  <testcase classname="com.hackathon.testRunner.testRunTestNG" name="runScenario" time="12.425"/>
  <testcase classname="com.hackathon.testRunner.testRunTestNG" name="runScenario" time="2.193"/>
  <testcase classname="com.hackathon.testRunner.testRunTestNG" name="runScenario" time="2.441"/>
  <testcase classname="com.hackathon.testRunner.testRunTestNG" name="runScenario" time="3.034"/>
  <testcase classname="com.hackathon.testRunner.testRunTestNG" name="runScenario" time="1.782"/>
  <testcase classname="com.hackathon.testRunner.testRunTestNG" name="runScenario" time="2.628"/>
  <testcase classname="com.hackathon.testRunner.testRunTestNG" name="runScenario" time="0.691"/>
  <testcase classname="com.hackathon.testRunner.testRunTestNG" name="runScenario" time="1.146"/>
  <testcase classname="com.hackathon.testRunner.testRunTestNG" name="runScenario" time="3.860"/>
  <testcase classname="com.hackathon.testRunner.testRunTestNG" name="runScenario" time="20.407"/>
  <testcase classname="com.hackathon.testRunner.testRunTestNG" name="runScenario" time="2.526"/>
  <testcase classname="com.hackathon.testRunner.testRunTestNG" name="runScenario" time="3.573"/>
  <testcase classname="com.hackathon.testRunner.testRunTestNG" name="runScenario" time="1.764"/>
  <testcase classname="com.hackathon.testRunner.testRunTestNG" name="runScenario" time="7.188"/>
  <testcase classname="com.hackathon.testRunner.testRunTestNG" name="runScenario" time="2.321"/>
  <testcase classname="com.hackathon.testRunner.testRunTestNG" name="runScenario" time="7.394"/>
  <testcase classname="com.hackathon.testRunner.testRunTestNG" name="runScenario" time="1.031"/>
  <testcase classname="com.hackathon.testRunner.testRunTestNG" name="runScenario" time="0.545"/>
</testsuite> <!-- com.hackathon.testRunner.testRunTestNG -->
