<?xml version="1.0" encoding="UTF-8"?>
<!-- Generated by org.testng.reporters.JUnitReportReporter -->
<testsuite hostname="LTIN194046" failures="0" tests="46" name="com.interestAroundYear.testRunner.testRunTestNG" time="209.162" errors="0" timestamp="2024-03-01T11:12:25 IST" skipped="0">
  <testcase classname="com.interestAroundYear.testRunner.testRunTestNG" name="runScenario" time="1.121"/>
  <testcase classname="com.interestAroundYear.testRunner.testRunTestNG" name="runScenario" time="2.837"/>
  <testcase classname="com.interestAroundYear.testRunner.testRunTestNG" name="runScenario" time="1.765"/>
  <testcase classname="com.interestAroundYear.testRunner.testRunTestNG" name="runScenario" time="9.433"/>
  <testcase classname="com.interestAroundYear.testRunner.testRunTestNG" name="runScenario" time="1.248"/>
  <testcase classname="com.interestAroundYear.testRunner.testRunTestNG" name="runScenario" time="3.089"/>
  <testcase classname="com.interestAroundYear.testRunner.testRunTestNG" name="runScenario" time="2.115"/>
  <testcase classname="com.interestAroundYear.testRunner.testRunTestNG" name="runScenario" time="9.329"/>
  <testcase classname="com.interestAroundYear.testRunner.testRunTestNG" name="runScenario" time="1.481"/>
  <testcase classname="com.interestAroundYear.testRunner.testRunTestNG" name="runScenario" time="8.307"/>
  <testcase classname="com.interestAroundYear.testRunner.testRunTestNG" name="runScenario" time="1.475"/>
  <testcase classname="com.interestAroundYear.testRunner.testRunTestNG" name="runScenario" time="5.145"/>
  <testcase classname="com.interestAroundYear.testRunner.testRunTestNG" name="runScenario" time="2.135"/>
  <testcase classname="com.interestAroundYear.testRunner.testRunTestNG" name="runScenario" time="3.463"/>
  <testcase classname="com.interestAroundYear.testRunner.testRunTestNG" name="runScenario" time="1.985"/>
  <testcase classname="com.interestAroundYear.testRunner.testRunTestNG" name="runScenario" time="8.163"/>
  <testcase classname="com.interestAroundYear.testRunner.testRunTestNG" name="runScenario" time="3.822"/>
  <testcase classname="com.interestAroundYear.testRunner.testRunTestNG" name="runScenario" time="8.596"/>
  <testcase classname="com.interestAroundYear.testRunner.testRunTestNG" name="runScenario" time="4.906"/>
  <testcase classname="com.interestAroundYear.testRunner.testRunTestNG" name="runScenario" time="1.546"/>
  <testcase classname="com.interestAroundYear.testRunner.testRunTestNG" name="runScenario" time="0.916"/>
  <testcase classname="com.interestAroundYear.testRunner.testRunTestNG" name="runScenario" time="2.187"/>
  <testcase classname="com.interestAroundYear.testRunner.testRunTestNG" name="runScenario" time="2.570"/>
  <testcase classname="com.interestAroundYear.testRunner.testRunTestNG" name="runScenario" time="3.124"/>
  <testcase classname="com.interestAroundYear.testRunner.testRunTestNG" name="runScenario" time="1.690"/>
  <testcase classname="com.interestAroundYear.testRunner.testRunTestNG" name="runScenario" time="2.459"/>
  <testcase classname="com.interestAroundYear.testRunner.testRunTestNG" name="runScenario" time="4.233"/>
  <testcase classname="com.interestAroundYear.testRunner.testRunTestNG" name="runScenario" time="2.407"/>
  <testcase classname="com.interestAroundYear.testRunner.testRunTestNG" name="runScenario" time="4.154"/>
  <testcase classname="com.interestAroundYear.testRunner.testRunTestNG" name="runScenario" time="4.115"/>
  <testcase classname="com.interestAroundYear.testRunner.testRunTestNG" name="runScenario" time="3.008"/>
  <testcase classname="com.interestAroundYear.testRunner.testRunTestNG" name="runScenario" time="2.428"/>
  <testcase classname="com.interestAroundYear.testRunner.testRunTestNG" name="runScenario" time="2.167"/>
  <testcase classname="com.interestAroundYear.testRunner.testRunTestNG" name="runScenario" time="2.091"/>
  <testcase classname="com.interestAroundYear.testRunner.testRunTestNG" name="runScenario" time="26.158"/>
  <testcase classname="com.interestAroundYear.testRunner.testRunTestNG" name="runScenario" time="27.045"/>
  <testcase classname="com.interestAroundYear.testRunner.testRunTestNG" name="runScenario" time="8.189"/>
  <testcase classname="com.interestAroundYear.testRunner.testRunTestNG" name="runScenario" time="2.619"/>
  <testcase classname="com.interestAroundYear.testRunner.testRunTestNG" name="runScenario" time="2.705"/>
  <testcase classname="com.interestAroundYear.testRunner.testRunTestNG" name="runScenario" time="2.568"/>
  <testcase classname="com.interestAroundYear.testRunner.testRunTestNG" name="runScenario" time="5.132"/>
  <testcase classname="com.interestAroundYear.testRunner.testRunTestNG" name="runScenario" time="2.208"/>
  <testcase classname="com.interestAroundYear.testRunner.testRunTestNG" name="runScenario" time="3.097"/>
  <testcase classname="com.interestAroundYear.testRunner.testRunTestNG" name="runScenario" time="3.511"/>
  <testcase classname="com.interestAroundYear.testRunner.testRunTestNG" name="runScenario" time="1.487"/>
  <testcase classname="com.interestAroundYear.testRunner.testRunTestNG" name="runScenario" time="4.933"/>
</testsuite> <!-- com.interestAroundYear.testRunner.testRunTestNG -->
