<?xml version="1.0" encoding="UTF-8"?>
<!-- Generated by org.testng.reporters.JUnitReportReporter -->
<testsuite hostname="LTIN194046" failures="0" tests="23" name="com.interestAroundYear.testRunner.testRunTestNG" time="151.454" errors="0" timestamp="2024-02-29T11:58:32 IST" skipped="0">
  <testcase classname="com.interestAroundYear.testRunner.testRunTestNG" name="runScenario" time="10.838"/>
  <testcase classname="com.interestAroundYear.testRunner.testRunTestNG" name="runScenario" time="2.949"/>
  <testcase classname="com.interestAroundYear.testRunner.testRunTestNG" name="runScenario" time="2.971"/>
  <testcase classname="com.interestAroundYear.testRunner.testRunTestNG" name="runScenario" time="4.086"/>
  <testcase classname="com.interestAroundYear.testRunner.testRunTestNG" name="runScenario" time="1.880"/>
  <testcase classname="com.interestAroundYear.testRunner.testRunTestNG" name="runScenario" time="4.966"/>
  <testcase classname="com.interestAroundYear.testRunner.testRunTestNG" name="runScenario" time="1.730"/>
  <testcase classname="com.interestAroundYear.testRunner.testRunTestNG" name="runScenario" time="2.460"/>
  <testcase classname="com.interestAroundYear.testRunner.testRunTestNG" name="runScenario" time="4.622"/>
  <testcase classname="com.interestAroundYear.testRunner.testRunTestNG" name="runScenario" time="3.566"/>
  <testcase classname="com.interestAroundYear.testRunner.testRunTestNG" name="runScenario" time="2.781"/>
  <testcase classname="com.interestAroundYear.testRunner.testRunTestNG" name="runScenario" time="4.246"/>
  <testcase classname="com.interestAroundYear.testRunner.testRunTestNG" name="runScenario" time="0.750"/>
  <testcase classname="com.interestAroundYear.testRunner.testRunTestNG" name="runScenario" time="6.841"/>
  <testcase classname="com.interestAroundYear.testRunner.testRunTestNG" name="runScenario" time="29.348"/>
  <testcase classname="com.interestAroundYear.testRunner.testRunTestNG" name="runScenario" time="11.240"/>
  <testcase classname="com.interestAroundYear.testRunner.testRunTestNG" name="runScenario" time="15.836"/>
  <testcase classname="com.interestAroundYear.testRunner.testRunTestNG" name="runScenario" time="3.442"/>
  <testcase classname="com.interestAroundYear.testRunner.testRunTestNG" name="runScenario" time="1.887"/>
  <testcase classname="com.interestAroundYear.testRunner.testRunTestNG" name="runScenario" time="17.589"/>
  <testcase classname="com.interestAroundYear.testRunner.testRunTestNG" name="runScenario" time="3.687"/>
  <testcase classname="com.interestAroundYear.testRunner.testRunTestNG" name="runScenario" time="12.692"/>
  <testcase classname="com.interestAroundYear.testRunner.testRunTestNG" name="runScenario" time="1.047"/>
</testsuite> <!-- com.interestAroundYear.testRunner.testRunTestNG -->
