<?xml version="1.0" encoding="UTF-8"?>
<!-- Generated by org.testng.reporters.JUnitReportReporter -->
<testsuite hostname="LTIN194046" failures="0" tests="20" name="com.hackathon.testRunner.testRunTestNG" time="98.293" errors="0" timestamp="2024-02-28T13:09:50 IST" skipped="0">
  <testcase classname="com.hackathon.testRunner.testRunTestNG" name="runScenario" time="8.314"/>
  <testcase classname="com.hackathon.testRunner.testRunTestNG" name="runScenario" time="0.446"/>
  <testcase classname="com.hackathon.testRunner.testRunTestNG" name="runScenario" time="6.946"/>
  <testcase classname="com.hackathon.testRunner.testRunTestNG" name="runScenario" time="5.486"/>
  <testcase classname="com.hackathon.testRunner.testRunTestNG" name="runScenario" time="17.623"/>
  <testcase classname="com.hackathon.testRunner.testRunTestNG" name="runScenario" time="2.428"/>
  <testcase classname="com.hackathon.testRunner.testRunTestNG" name="runScenario" time="2.107"/>
  <testcase classname="com.hackathon.testRunner.testRunTestNG" name="runScenario" time="1.553"/>
  <testcase classname="com.hackathon.testRunner.testRunTestNG" name="runScenario" time="3.338"/>
  <testcase classname="com.hackathon.testRunner.testRunTestNG" name="runScenario" time="1.228"/>
  <testcase classname="com.hackathon.testRunner.testRunTestNG" name="runScenario" time="27.822"/>
  <testcase classname="com.hackathon.testRunner.testRunTestNG" name="runScenario" time="7.913"/>
  <testcase classname="com.hackathon.testRunner.testRunTestNG" name="runScenario" time="2.524"/>
  <testcase classname="com.hackathon.testRunner.testRunTestNG" name="runScenario" time="1.994"/>
  <testcase classname="com.hackathon.testRunner.testRunTestNG" name="runScenario" time="1.133"/>
  <testcase classname="com.hackathon.testRunner.testRunTestNG" name="runScenario" time="1.626"/>
  <testcase classname="com.hackathon.testRunner.testRunTestNG" name="runScenario" time="1.128"/>
  <testcase classname="com.hackathon.testRunner.testRunTestNG" name="runScenario" time="1.213"/>
  <testcase classname="com.hackathon.testRunner.testRunTestNG" name="runScenario" time="1.328"/>
  <testcase classname="com.hackathon.testRunner.testRunTestNG" name="runScenario" time="2.143"/>
</testsuite> <!-- com.hackathon.testRunner.testRunTestNG -->
