<?xml version="1.0" encoding="UTF-8"?>
<!-- Generated by org.testng.reporters.JUnitReportReporter -->
<testsuite hostname="LTIN194046" failures="0" tests="10" name="com.hackathon.testRunner.testRunTestNG" time="32.620" errors="0" timestamp="2024-02-28T15:57:09 IST" skipped="0">
  <testcase classname="com.hackathon.testRunner.testRunTestNG" name="runScenario" time="5.275"/>
  <testcase classname="com.hackathon.testRunner.testRunTestNG" name="runScenario" time="1.794"/>
  <testcase classname="com.hackathon.testRunner.testRunTestNG" name="runScenario" time="4.722"/>
  <testcase classname="com.hackathon.testRunner.testRunTestNG" name="runScenario" time="0.860"/>
  <testcase classname="com.hackathon.testRunner.testRunTestNG" name="runScenario" time="4.138"/>
  <testcase classname="com.hackathon.testRunner.testRunTestNG" name="runScenario" time="1.874"/>
  <testcase classname="com.hackathon.testRunner.testRunTestNG" name="runScenario" time="2.550"/>
  <testcase classname="com.hackathon.testRunner.testRunTestNG" name="runScenario" time="2.693"/>
  <testcase classname="com.hackathon.testRunner.testRunTestNG" name="runScenario" time="4.410"/>
  <testcase classname="com.hackathon.testRunner.testRunTestNG" name="runScenario" time="4.304"/>
</testsuite> <!-- com.hackathon.testRunner.testRunTestNG -->
